\BOOKMARK [0][-]{part.1}{\376\377\000I\000\040\000F\000o\000u\000n\000d\000a\000t\000i\000o\000n\000s\000\040\000o\000f\000\040\000N\000u\000m\000e\000r\000i\000c\000a\000l\000\040\000G\000e\000o\000m\000e\000t\000r\000y}{}% 1
\BOOKMARK [1][-]{section.1}{\376\377\000I\000n\000t\000r\000o\000d\000u\000c\000t\000i\000o\000n}{part.1}% 2
\BOOKMARK [2][-]{subsection.1.1}{\376\377\000T\000h\000e\000\040\000C\000e\000n\000t\000r\000a\000l\000\040\000V\000i\000s\000i\000o\000n}{section.1}% 3
\BOOKMARK [2][-]{subsection.1.2}{\376\377\000T\000h\000e\000\040\000F\000o\000u\000r\000\040\000P\000i\000l\000l\000a\000r\000s}{section.1}% 4
\BOOKMARK [2][-]{subsection.1.3}{\376\377\000W\000h\000a\000t\000\040\000T\000h\000i\000s\000\040\000F\000r\000a\000m\000e\000w\000o\000r\000k\000\040\000P\000r\000o\000v\000i\000d\000e\000s}{section.1}% 5
\BOOKMARK [3][-]{subsubsection.1.3.1}{\376\377\000A\000\040\000U\000n\000i\000f\000i\000e\000d\000\040\000L\000a\000n\000g\000u\000a\000g\000e}{subsection.1.3}% 6
\BOOKMARK [3][-]{subsubsection.1.3.2}{\376\377\000C\000o\000m\000p\000o\000s\000i\000t\000i\000o\000n\000a\000l\000\040\000E\000r\000r\000o\000r\000\040\000A\000n\000a\000l\000y\000s\000i\000s}{subsection.1.3}% 7
\BOOKMARK [3][-]{subsubsection.1.3.3}{\376\377\000L\000o\000w\000e\000r\000\040\000B\000o\000u\000n\000d\000s\000\040\000f\000r\000o\000m\000\040\000C\000u\000r\000v\000a\000t\000u\000r\000e}{subsection.1.3}% 8
\BOOKMARK [2][-]{subsection.1.4}{\376\377\000S\000c\000o\000p\000e\000\040\000a\000n\000d\000\040\000S\000t\000r\000u\000c\000t\000u\000r\000e}{section.1}% 9
\BOOKMARK [1][-]{section.2}{\376\377\000N\000u\000m\000e\000r\000i\000c\000a\000l\000\040\000S\000p\000a\000c\000e\000s\000\040\000a\000n\000d\000\040\000t\000h\000e\000\040\000C\000a\000t\000e\000g\000o\000r\000y\000\040\000N\000M\000e\000t}{part.1}% 10
\BOOKMARK [2][-]{subsection.2.1}{\376\377\000T\000h\000e\000\040\000B\000a\000s\000i\000c\000\040\000D\000e\000f\000i\000n\000i\000t\000i\000o\000n\000s}{section.2}% 11
\BOOKMARK [2][-]{subsection.2.2}{\376\377\000N\000u\000m\000e\000r\000i\000c\000a\000l\000\040\000M\000o\000r\000p\000h\000i\000s\000m\000s}{section.2}% 12
\BOOKMARK [2][-]{subsection.2.3}{\376\377\000N\000u\000m\000e\000r\000i\000c\000a\000l\000\040\000E\000q\000u\000i\000v\000a\000l\000e\000n\000c\000e\000s}{section.2}% 13
\BOOKMARK [1][-]{section.3}{\376\377\000C\000u\000r\000v\000a\000t\000u\000r\000e\000\040\000T\000h\000e\000o\000r\000y}{part.1}% 14
\BOOKMARK [2][-]{subsection.3.1}{\376\377\000T\000h\000e\000\040\000C\000u\000r\000v\000a\000t\000u\000r\000e\000\040\000I\000n\000v\000a\000r\000i\000a\000n\000t}{section.3}% 15
\BOOKMARK [2][-]{subsection.3.2}{\376\377\000P\000r\000o\000p\000e\000r\000t\000i\000e\000s\000\040\000o\000f\000\040\000C\000u\000r\000v\000a\000t\000u\000r\000e}{section.3}% 16
\BOOKMARK [2][-]{subsection.3.3}{\376\377\000T\000h\000e\000\040\000P\000r\000e\000c\000i\000s\000i\000o\000n\000\040\000O\000b\000s\000t\000r\000u\000c\000t\000i\000o\000n\000\040\000T\000h\000e\000o\000r\000e\000m}{section.3}% 17
\BOOKMARK [2][-]{subsection.3.4}{\376\377\000T\000h\000e\000\040\000C\000u\000r\000v\000a\000t\000u\000r\000e\000\040\000T\000e\000n\000s\000o\000r}{section.3}% 18
\BOOKMARK [1][-]{section.4}{\376\377\000N\000u\000m\000e\000r\000i\000c\000a\000l\000\040\000C\000a\000s\000e\000\040\000S\000t\000u\000d\000y\000:\000\040\000C\000u\000r\000v\000a\000t\000u\000r\000e\000\040\000i\000n\000\040\000P\000r\000a\000c\000t\000i\000c\000e}{part.1}% 19
\BOOKMARK [2][-]{subsection.4.1}{\376\377\000C\000a\000s\000e\000\040\000S\000t\000u\000d\000y\000:\000\040\000L\000o\000g\000i\000s\000t\000i\000c\000\040\000R\000e\000g\000r\000e\000s\000s\000i\000o\000n\000\040\000L\000o\000s\000s\000\040\000G\000r\000a\000d\000i\000e\000n\000t}{section.4}% 20
\BOOKMARK [1][-]{section.5}{\376\377\000T\000h\000e\000\040\000P\000r\000e\000c\000i\000s\000i\000o\000n\000\040\000S\000h\000e\000a\000f}{part.1}% 21
\BOOKMARK [2][-]{subsection.5.1}{\376\377\000E\000l\000e\000m\000e\000n\000t\000a\000r\000y\000\040\000F\000o\000r\000m\000u\000l\000a\000t\000i\000o\000n\000:\000\040\000P\000r\000e\000c\000i\000s\000i\000o\000n\000\040\000o\000n\000\040\000C\000o\000m\000p\000u\000t\000a\000t\000i\000o\000n\000\040\000G\000r\000a\000p\000h\000s}{section.5}% 22
\BOOKMARK [2][-]{subsection.5.2}{\376\377\000S\000h\000e\000a\000f\000-\000T\000h\000e\000o\000r\000e\000t\000i\000c\000\040\000P\000e\000r\000s\000p\000e\000c\000t\000i\000v\000e}{section.5}% 23
\BOOKMARK [2][-]{subsection.5.3}{\376\377\000P\000r\000e\000c\000i\000s\000i\000o\000n\000\040\000C\000o\000h\000o\000m\000o\000l\000o\000g\000y}{section.5}% 24
\BOOKMARK [2][-]{subsection.5.4}{\376\377\001\014\000e\000c\000h\000\040\000C\000o\000h\000o\000m\000o\000l\000o\000g\000y\000\040\000C\000o\000m\000p\000u\000t\000a\000t\000i\000o\000n}{section.5}% 25
\BOOKMARK [1][-]{section.6}{\376\377\000N\000u\000m\000e\000r\000i\000c\000a\000l\000\040\000H\000o\000m\000o\000t\000o\000p\000y\000\040\000T\000h\000e\000o\000r\000y}{part.1}% 26
\BOOKMARK [2][-]{subsection.6.1}{\376\377\000L\000i\000p\000s\000c\000h\000i\000t\000z\000\040\000H\000o\000m\000o\000t\000o\000p\000y\000\040\000T\000h\000e\000o\000r\000y}{section.6}% 27
\BOOKMARK [2][-]{subsection.6.2}{\376\377\000F\000u\000n\000d\000a\000m\000e\000n\000t\000a\000l\000\040\000G\000r\000o\000u\000p\000\040\000a\000n\000d\000\040\000M\000o\000n\000o\000d\000r\000o\000m\000y}{section.6}% 28
\BOOKMARK [2][-]{subsection.6.3}{\376\377\000H\000i\000g\000h\000e\000r\000\040\000H\000o\000m\000o\000t\000o\000p\000y\000\040\000a\000n\000d\000\040\000O\000b\000s\000t\000r\000u\000c\000t\000i\000o\000n\000s}{section.6}% 29
\BOOKMARK [1][-]{section.7}{\376\377\000N\000u\000m\000e\000r\000i\000c\000a\000l\000\040\000C\000o\000m\000p\000u\000t\000a\000b\000i\000l\000i\000t\000y\000\040\000T\000h\000e\000o\000r\000y}{part.1}% 30
\BOOKMARK [2][-]{subsection.7.1}{\376\377\000T\000y\000p\000e\000-\0002\000\040\000C\000o\000m\000p\000u\000t\000a\000b\000i\000l\000i\000t\000y\000:\000\040\000P\000r\000e\000c\000i\000s\000e\000\040\000D\000e\000f\000i\000n\000i\000t\000i\000o\000n\000s}{section.7}% 31
\BOOKMARK [2][-]{subsection.7.2}{\376\377\000C\000o\000n\000n\000e\000c\000t\000i\000o\000n\000\040\000t\000o\000\040\000N\000u\000m\000e\000r\000i\000c\000a\000l\000\040\000G\000e\000o\000m\000e\000t\000r\000y}{section.7}% 32
\BOOKMARK [2][-]{subsection.7.3}{\376\377\000N\000u\000m\000e\000r\000i\000c\000a\000l\000\040\000C\000o\000m\000p\000l\000e\000x\000i\000t\000y\000\040\000H\000i\000e\000r\000a\000r\000c\000h\000i\000e\000s}{section.7}% 33
\BOOKMARK [2][-]{subsection.7.4}{\376\377\000N\000u\000m\000e\000r\000i\000c\000a\000l\000\040\000O\000r\000a\000c\000l\000e\000\040\000M\000a\000c\000h\000i\000n\000e\000s}{section.7}% 34
\BOOKMARK [1][-]{section.8}{\376\377\000N\000u\000m\000e\000r\000i\000c\000a\000l\000\040\000A\000p\000p\000r\000o\000x\000i\000m\000a\000t\000i\000o\000n\000\040\000T\000h\000e\000o\000r\000y}{part.1}% 35
\BOOKMARK [2][-]{subsection.8.1}{\376\377\000I\000n\000t\000r\000i\000n\000s\000i\000c\000\040\000A\000p\000p\000r\000o\000x\000i\000m\000a\000b\000i\000l\000i\000t\000y}{section.8}% 36
\BOOKMARK [2][-]{subsection.8.2}{\376\377\000N\000u\000m\000e\000r\000i\000c\000a\000l\000\040\000S\000a\000t\000u\000r\000a\000t\000i\000o\000n}{section.8}% 37
\BOOKMARK [0][-]{part.2}{\376\377\000I\000I\000\040\000T\000h\000e\000\040\000S\000t\000a\000b\000i\000l\000i\000t\000y\000\040\000A\000l\000g\000e\000b\000r\000a}{}% 38
\BOOKMARK [1][-]{section.9}{\376\377\000E\000r\000r\000o\000r\000\040\000F\000u\000n\000c\000t\000i\000o\000n\000a\000l\000s\000\040\000a\000n\000d\000\040\000T\000h\000e\000i\000r\000\040\000A\000l\000g\000e\000b\000r\000a}{part.2}% 39
\BOOKMARK [2][-]{subsection.9.1}{\376\377\000E\000r\000r\000o\000r\000\040\000F\000u\000n\000c\000t\000i\000o\000n\000a\000l\000s\000\040\000a\000n\000d\000\040\000T\000h\000e\000i\000r\000\040\000A\000l\000g\000e\000b\000r\000a}{section.9}% 40
\BOOKMARK [2][-]{subsection.9.2}{\376\377\000B\000e\000y\000o\000n\000d\000\040\000L\000i\000n\000e\000a\000r\000\040\000F\000u\000n\000c\000t\000i\000o\000n\000a\000l\000s}{section.9}% 41
\BOOKMARK [2][-]{subsection.9.3}{\376\377\000T\000h\000e\000\040\000E\000r\000r\000o\000r\000\040\000F\000u\000n\000c\000t\000i\000o\000n\000a\000l\000\040\000o\000f\000\040\000a\000\040\000M\000o\000r\000p\000h\000i\000s\000m}{section.9}% 42
\BOOKMARK [1][-]{section.10}{\376\377\000T\000h\000e\000\040\000S\000t\000a\000b\000i\000l\000i\000t\000y\000\040\000C\000o\000m\000p\000o\000s\000i\000t\000i\000o\000n\000\040\000T\000h\000e\000o\000r\000e\000m}{part.2}% 43
\BOOKMARK [2][-]{subsection.10.1}{\376\377\000A\000p\000p\000l\000i\000c\000a\000t\000i\000o\000n\000:\000\040\000D\000e\000e\000p\000\040\000N\000e\000t\000w\000o\000r\000k\000\040\000S\000t\000a\000b\000i\000l\000i\000t\000y}{section.10}% 44
\BOOKMARK [1][-]{section.11}{\376\377\000F\000o\000r\000w\000a\000r\000d\000-\000B\000a\000c\000k\000w\000a\000r\000d\000\040\000D\000u\000a\000l\000i\000t\000y}{part.2}% 45
\BOOKMARK [1][-]{section.12}{\376\377\000T\000h\000e\000\040\000N\000u\000m\000e\000r\000i\000c\000a\000l\000\040\000I\000n\000f\000o\000r\000m\000a\000t\000i\000o\000n\000-\000C\000o\000m\000p\000l\000e\000x\000i\000t\000y\000\040\000C\000o\000r\000r\000e\000s\000p\000o\000n\000d\000e\000n\000c\000e}{part.2}% 46
\BOOKMARK [2][-]{subsection.12.1}{\376\377\000I\000n\000f\000o\000r\000m\000a\000t\000i\000o\000n\000\040\000C\000o\000n\000t\000e\000n\000t\000\040\000o\000f\000\040\000R\000e\000p\000r\000e\000s\000e\000n\000t\000a\000t\000i\000o\000n\000s}{section.12}% 47
\BOOKMARK [2][-]{subsection.12.2}{\376\377\000N\000u\000m\000e\000r\000i\000c\000a\000l\000\040\000C\000o\000m\000p\000l\000e\000x\000i\000t\000y\000\040\000C\000l\000a\000s\000s\000e\000s}{section.12}% 48
\BOOKMARK [2][-]{subsection.12.3}{\376\377\000O\000p\000t\000i\000m\000a\000l\000\040\000P\000r\000e\000c\000i\000s\000i\000o\000n\000\040\000A\000l\000l\000o\000c\000a\000t\000i\000o\000n}{section.12}% 49
\BOOKMARK [1][-]{section.13}{\376\377\000T\000h\000e\000\040\000R\000e\000p\000r\000e\000s\000e\000n\000t\000a\000t\000i\000o\000n\000\040\000T\000h\000e\000o\000r\000e\000m}{part.2}% 50
\BOOKMARK [2][-]{subsection.13.1}{\376\377\000R\000e\000p\000r\000e\000s\000e\000n\000t\000a\000t\000i\000o\000n\000\040\000M\000o\000r\000p\000h\000i\000s\000m\000s}{section.13}% 51
\BOOKMARK [2][-]{subsection.13.2}{\376\377\000T\000h\000e\000\040\000R\000e\000p\000r\000e\000s\000e\000n\000t\000a\000t\000i\000o\000n\000-\000C\000o\000m\000p\000l\000e\000x\000i\000t\000y\000\040\000T\000r\000a\000d\000e\000-\000o\000f\000f}{section.13}% 52
\BOOKMARK [1][-]{section.14}{\376\377\000N\000u\000m\000e\000r\000i\000c\000a\000l\000\040\000E\000q\000u\000i\000v\000a\000l\000e\000n\000c\000e\000\040\000a\000n\000d\000\040\000C\000a\000n\000o\000n\000i\000c\000a\000l\000\040\000F\000o\000r\000m\000s}{part.2}% 53
\BOOKMARK [2][-]{subsection.14.1}{\376\377\000N\000u\000m\000e\000r\000i\000c\000a\000l\000\040\000E\000q\000u\000i\000v\000a\000l\000e\000n\000c\000e\000\040\000o\000f\000\040\000A\000l\000g\000o\000r\000i\000t\000h\000m\000s}{section.14}% 54
\BOOKMARK [2][-]{subsection.14.2}{\376\377\000S\000e\000c\000o\000n\000d\000-\000O\000r\000d\000e\000r\000\040\000E\000r\000r\000o\000r\000\040\000E\000x\000p\000a\000n\000s\000i\000o\000n}{section.14}% 55
\BOOKMARK [2][-]{subsection.14.3}{\376\377\000C\000h\000a\000r\000a\000c\000t\000e\000r\000i\000z\000a\000t\000i\000o\000n\000\040\000T\000h\000e\000o\000r\000e\000m\000\040\000f\000o\000r\000\040\000S\000m\000o\000o\000t\000h\000\040\000F\000u\000n\000c\000t\000i\000o\000n\000s}{section.14}% 56
\BOOKMARK [2][-]{subsection.14.4}{\376\377\000C\000a\000n\000o\000n\000i\000c\000a\000l\000\040\000F\000o\000r\000m\000s\000:\000\040\000E\000x\000i\000s\000t\000e\000n\000c\000e\000\040\000f\000o\000r\000\040\000R\000e\000s\000t\000r\000i\000c\000t\000e\000d\000\040\000C\000l\000a\000s\000s\000e\000s}{section.14}% 57
\BOOKMARK [2][-]{subsection.14.5}{\376\377\000N\000o\000n\000-\000E\000x\000i\000s\000t\000e\000n\000c\000e\000\040\000a\000n\000d\000\040\000O\000b\000s\000t\000r\000u\000c\000t\000i\000o\000n\000s}{section.14}% 58
\BOOKMARK [2][-]{subsection.14.6}{\376\377\000O\000p\000t\000i\000m\000a\000l\000i\000t\000y\000\040\000o\000f\000\040\000S\000t\000a\000n\000d\000a\000r\000d\000\040\000A\000l\000g\000o\000r\000i\000t\000h\000m\000s}{section.14}% 59
\BOOKMARK [2][-]{subsection.14.7}{\376\377\000C\000o\000m\000p\000o\000s\000i\000t\000i\000o\000n\000\040\000a\000n\000d\000\040\000E\000r\000r\000o\000r\000\040\000P\000r\000o\000p\000a\000g\000a\000t\000i\000o\000n}{section.14}% 60
\BOOKMARK [0][-]{part.3}{\376\377\000I\000I\000I\000\040\000A\000p\000p\000l\000i\000c\000a\000t\000i\000o\000n\000s}{}% 61
\BOOKMARK [1][-]{section.15}{\376\377\000A\000u\000t\000o\000m\000a\000t\000i\000c\000\040\000D\000i\000f\000f\000e\000r\000e\000n\000t\000i\000a\000t\000i\000o\000n\000\040\000w\000i\000t\000h\000\040\000P\000r\000e\000c\000i\000s\000i\000o\000n\000\040\000T\000r\000a\000c\000k\000i\000n\000g}{part.3}% 62
\BOOKMARK [2][-]{subsection.15.1}{\376\377\000T\000h\000e\000\040\000P\000r\000o\000b\000l\000e\000m}{section.15}% 63
\BOOKMARK [2][-]{subsection.15.2}{\376\377\000A\000D\000\040\000a\000s\000\040\000N\000u\000m\000e\000r\000i\000c\000a\000l\000\040\000M\000o\000r\000p\000h\000i\000s\000m}{section.15}% 64
\BOOKMARK [2][-]{subsection.15.3}{\376\377\000P\000r\000e\000c\000i\000s\000i\000o\000n\000-\000T\000r\000a\000c\000k\000e\000d\000\040\000T\000e\000n\000s\000o\000r\000s}{section.15}% 65
\BOOKMARK [2][-]{subsection.15.4}{\376\377\000I\000m\000p\000l\000e\000m\000e\000n\000t\000a\000t\000i\000o\000n\000:\000\040\000J\000A\000X\000/\000P\000y\000T\000o\000r\000c\000h\000\040\000E\000x\000t\000e\000n\000s\000i\000o\000n}{section.15}% 66
\BOOKMARK [1][-]{section.16}{\376\377\000N\000e\000u\000r\000a\000l\000\040\000N\000e\000t\000w\000o\000r\000k\000\040\000Q\000u\000a\000n\000t\000i\000z\000a\000t\000i\000o\000n\000\040\000a\000n\000d\000\040\000T\000r\000a\000i\000n\000i\000n\000g}{part.3}% 67
\BOOKMARK [2][-]{subsection.16.1}{\376\377\000T\000h\000e\000\040\000Q\000u\000a\000n\000t\000i\000z\000a\000t\000i\000o\000n\000\040\000P\000r\000o\000b\000l\000e\000m}{section.16}% 68
\BOOKMARK [2][-]{subsection.16.2}{\376\377\000L\000a\000y\000e\000r\000-\000w\000i\000s\000e\000\040\000C\000u\000r\000v\000a\000t\000u\000r\000e\000\040\000A\000n\000a\000l\000y\000s\000i\000s}{section.16}% 69
\BOOKMARK [2][-]{subsection.16.3}{\376\377\000M\000i\000x\000e\000d\000-\000P\000r\000e\000c\000i\000s\000i\000o\000n\000\040\000T\000r\000a\000i\000n\000i\000n\000g}{section.16}% 70
\BOOKMARK [2][-]{subsection.16.4}{\376\377\000T\000r\000a\000n\000s\000f\000o\000r\000m\000e\000r\000-\000S\000p\000e\000c\000i\000f\000i\000c\000\040\000A\000n\000a\000l\000y\000s\000i\000s}{section.16}% 71
\BOOKMARK [2][-]{subsection.16.5}{\376\377\000D\000e\000e\000p\000\040\000L\000e\000a\000r\000n\000i\000n\000g\000\040\000T\000r\000a\000i\000n\000i\000n\000g\000\040\000D\000y\000n\000a\000m\000i\000c\000s}{section.16}% 72
\BOOKMARK [2][-]{subsection.16.6}{\376\377\000N\000u\000m\000e\000r\000i\000c\000a\000l\000\040\000S\000t\000a\000b\000i\000l\000i\000t\000y\000\040\000o\000f\000\040\000M\000o\000d\000e\000r\000n\000\040\000A\000r\000c\000h\000i\000t\000e\000c\000t\000u\000r\000e\000s}{section.16}% 73
\BOOKMARK [1][-]{section.17}{\376\377\000S\000c\000i\000e\000n\000t\000i\000f\000i\000c\000\040\000C\000o\000m\000p\000u\000t\000i\000n\000g}{part.3}% 74
\BOOKMARK [2][-]{subsection.17.1}{\376\377\000L\000i\000n\000e\000a\000r\000\040\000A\000l\000g\000e\000b\000r\000a}{section.17}% 75
\BOOKMARK [2][-]{subsection.17.2}{\376\377\000D\000i\000f\000f\000e\000r\000e\000n\000t\000i\000a\000l\000\040\000E\000q\000u\000a\000t\000i\000o\000n\000s}{section.17}% 76
\BOOKMARK [2][-]{subsection.17.3}{\376\377\000O\000p\000t\000i\000m\000i\000z\000a\000t\000i\000o\000n}{section.17}% 77
\BOOKMARK [2][-]{subsection.17.4}{\376\377\000I\000n\000t\000e\000g\000r\000a\000t\000i\000o\000n\000\040\000a\000n\000d\000\040\000Q\000u\000a\000d\000r\000a\000t\000u\000r\000e}{section.17}% 78
\BOOKMARK [1][-]{section.18}{\376\377\000N\000u\000m\000e\000r\000i\000c\000a\000l\000\040\000C\000o\000m\000p\000i\000l\000e\000r\000\040\000O\000p\000t\000i\000m\000i\000z\000a\000t\000i\000o\000n}{part.3}% 79
\BOOKMARK [2][-]{subsection.18.1}{\376\377\000P\000r\000e\000c\000i\000s\000i\000o\000n\000-\000P\000r\000e\000s\000e\000r\000v\000i\000n\000g\000\040\000T\000r\000a\000n\000s\000f\000o\000r\000m\000a\000t\000i\000o\000n\000s}{section.18}% 80
\BOOKMARK [2][-]{subsection.18.2}{\376\377\000S\000a\000f\000e\000\040\000R\000e\000w\000r\000i\000t\000e\000s}{section.18}% 81
\BOOKMARK [2][-]{subsection.18.3}{\376\377\000F\000u\000s\000i\000o\000n\000\040\000S\000a\000f\000e\000t\000y}{section.18}% 82
\BOOKMARK [1][-]{section.19}{\376\377\000T\000y\000p\000e\000\040\000S\000y\000s\000t\000e\000m\000s\000\040\000a\000n\000d\000\040\000F\000o\000r\000m\000a\000l\000\040\000V\000e\000r\000i\000f\000i\000c\000a\000t\000i\000o\000n}{part.3}% 83
\BOOKMARK [2][-]{subsection.19.1}{\376\377\000N\000u\000m\000e\000r\000i\000c\000a\000l\000\040\000T\000y\000p\000e\000s}{section.19}% 84
\BOOKMARK [2][-]{subsection.19.2}{\376\377\000T\000y\000p\000i\000n\000g\000\040\000R\000u\000l\000e\000s}{section.19}% 85
\BOOKMARK [2][-]{subsection.19.3}{\376\377\000C\000e\000r\000t\000i\000f\000i\000e\000d\000\040\000N\000u\000m\000e\000r\000i\000c\000a\000l\000\040\000P\000r\000o\000g\000r\000a\000m\000s}{section.19}% 86
\BOOKMARK [1][-]{section.20}{\376\377\000O\000p\000e\000n\000\040\000P\000r\000o\000b\000l\000e\000m\000s\000\040\000a\000n\000d\000\040\000F\000u\000t\000u\000r\000e\000\040\000D\000i\000r\000e\000c\000t\000i\000o\000n\000s}{part.3}% 87
\BOOKMARK [2][-]{subsection.20.1}{\376\377\000F\000o\000u\000n\000d\000a\000t\000i\000o\000n\000a\000l\000\040\000Q\000u\000e\000s\000t\000i\000o\000n\000s}{section.20}% 88
\BOOKMARK [2][-]{subsection.20.2}{\376\377\000C\000o\000m\000p\000u\000t\000a\000t\000i\000o\000n\000a\000l\000\040\000Q\000u\000e\000s\000t\000i\000o\000n\000s}{section.20}% 89
\BOOKMARK [2][-]{subsection.20.3}{\376\377\000A\000p\000p\000l\000i\000c\000a\000t\000i\000o\000n\000\040\000F\000r\000o\000n\000t\000i\000e\000r\000s}{section.20}% 90
\BOOKMARK [1][-]{section.21}{\376\377\000A\000p\000p\000l\000i\000c\000a\000t\000i\000o\000n\000s\000\040\000t\000o\000\040\000N\000u\000m\000e\000r\000i\000c\000a\000l\000\040\000C\000o\000m\000p\000u\000t\000i\000n\000g\000\040\000L\000i\000b\000r\000a\000r\000i\000e\000s}{part.3}% 91
\BOOKMARK [2][-]{subsection.21.1}{\376\377\000P\000y\000T\000o\000r\000c\000h\000\040\000A\000p\000p\000l\000i\000c\000a\000t\000i\000o\000n\000s}{section.21}% 92
\BOOKMARK [2][-]{subsection.21.2}{\376\377\000J\000A\000X\000\040\000A\000p\000p\000l\000i\000c\000a\000t\000i\000o\000n\000s}{section.21}% 93
\BOOKMARK [2][-]{subsection.21.3}{\376\377\000N\000u\000m\000P\000y\000/\000S\000c\000i\000P\000y\000\040\000A\000p\000p\000l\000i\000c\000a\000t\000i\000o\000n\000s}{section.21}% 94
\BOOKMARK [2][-]{subsection.21.4}{\376\377\000T\000e\000n\000s\000o\000r\000F\000l\000o\000w\000\040\000A\000p\000p\000l\000i\000c\000a\000t\000i\000o\000n\000s}{section.21}% 95
\BOOKMARK [2][-]{subsection.21.5}{\376\377\000C\000U\000D\000A\000/\000c\000u\000B\000L\000A\000S\000\040\000A\000p\000p\000l\000i\000c\000a\000t\000i\000o\000n\000s}{section.21}% 96
\BOOKMARK [2][-]{subsection.21.6}{\376\377\000H\000u\000g\000g\000i\000n\000g\000\040\000F\000a\000c\000e\000\040\000T\000r\000a\000n\000s\000f\000o\000r\000m\000e\000r\000s}{section.21}% 97
\BOOKMARK [2][-]{subsection.21.7}{\376\377\000S\000c\000i\000e\000n\000t\000i\000f\000i\000c\000\040\000C\000o\000m\000p\000u\000t\000i\000n\000g\000\040\000L\000i\000b\000r\000a\000r\000i\000e\000s}{section.21}% 98
\BOOKMARK [2][-]{subsection.21.8}{\376\377\000F\000o\000r\000m\000a\000l\000\040\000V\000e\000r\000i\000f\000i\000c\000a\000t\000i\000o\000n\000\040\000T\000o\000o\000l\000s}{section.21}% 99
\BOOKMARK [1][-]{section.22}{\376\377\000C\000o\000n\000c\000l\000u\000s\000i\000o\000n}{part.3}% 100
