This is pdfTeX, Version 3.141592653-2.6-1.40.27 (TeX Live 2025) (preloaded format=pdflatex 2025.3.8)  1 DEC 2025 20:56
entering extended mode
 restricted \write18 enabled.
 %&-line parsing enabled.
**hnf_paper.tex
(./hnf_paper.tex
LaTeX2e <2024-11-01> patch level 2
L3 programming layer <2025-01-18>
(/usr/local/texlive/2025basic/texmf-dist/tex/latex/base/article.cls
Document Class: article 2024/06/29 v1.4n Standard LaTeX document class
(/usr/local/texlive/2025basic/texmf-dist/tex/latex/base/size11.clo
File: size11.clo 2024/06/29 v1.4n Standard LaTeX file (size option)
)
\c@part=\count196
\c@section=\count197
\c@subsection=\count198
\c@subsubsection=\count199
\c@paragraph=\count266
\c@subparagraph=\count267
\c@figure=\count268
\c@table=\count269
\abovecaptionskip=\skip49
\belowcaptionskip=\skip50
\bibindent=\dimen141
)
(/usr/local/texlive/2025basic/texmf-dist/tex/latex/amsmath/amsmath.sty
Package: amsmath 2024/11/05 v2.17t AMS math features
\@mathmargin=\skip51

For additional information on amsmath, use the `?' option.
(/usr/local/texlive/2025basic/texmf-dist/tex/latex/amsmath/amstext.sty
Package: amstext 2021/08/26 v2.01 AMS text

(/usr/local/texlive/2025basic/texmf-dist/tex/latex/amsmath/amsgen.sty
File: amsgen.sty 1999/11/30 v2.0 generic functions
\@emptytoks=\toks17
\ex@=\dimen142
))
(/usr/local/texlive/2025basic/texmf-dist/tex/latex/amsmath/amsbsy.sty
Package: amsbsy 1999/11/29 v1.2d Bold Symbols
\pmbraise@=\dimen143
)
(/usr/local/texlive/2025basic/texmf-dist/tex/latex/amsmath/amsopn.sty
Package: amsopn 2022/04/08 v2.04 operator names
)
\inf@bad=\count270
LaTeX Info: Redefining \frac on input line 233.
\uproot@=\count271
\leftroot@=\count272
LaTeX Info: Redefining \overline on input line 398.
LaTeX Info: Redefining \colon on input line 409.
\classnum@=\count273
\DOTSCASE@=\count274
LaTeX Info: Redefining \ldots on input line 495.
LaTeX Info: Redefining \dots on input line 498.
LaTeX Info: Redefining \cdots on input line 619.
\Mathstrutbox@=\box52
\strutbox@=\box53
LaTeX Info: Redefining \big on input line 721.
LaTeX Info: Redefining \Big on input line 722.
LaTeX Info: Redefining \bigg on input line 723.
LaTeX Info: Redefining \Bigg on input line 724.
\big@size=\dimen144
LaTeX Font Info:    Redeclaring font encoding OML on input line 742.
LaTeX Font Info:    Redeclaring font encoding OMS on input line 743.
\macc@depth=\count275
LaTeX Info: Redefining \bmod on input line 904.
LaTeX Info: Redefining \pmod on input line 909.
LaTeX Info: Redefining \smash on input line 939.
LaTeX Info: Redefining \relbar on input line 969.
LaTeX Info: Redefining \Relbar on input line 970.
\c@MaxMatrixCols=\count276
\dotsspace@=\muskip17
\c@parentequation=\count277
\dspbrk@lvl=\count278
\tag@help=\toks18
\row@=\count279
\column@=\count280
\maxfields@=\count281
\andhelp@=\toks19
\eqnshift@=\dimen145
\alignsep@=\dimen146
\tagshift@=\dimen147
\tagwidth@=\dimen148
\totwidth@=\dimen149
\lineht@=\dimen150
\@envbody=\toks20
\multlinegap=\skip52
\multlinetaggap=\skip53
\mathdisplay@stack=\toks21
LaTeX Info: Redefining \[ on input line 2953.
LaTeX Info: Redefining \] on input line 2954.
)
(/usr/local/texlive/2025basic/texmf-dist/tex/latex/amsfonts/amssymb.sty
Package: amssymb 2013/01/14 v3.01 AMS font symbols

(/usr/local/texlive/2025basic/texmf-dist/tex/latex/amsfonts/amsfonts.sty
Package: amsfonts 2013/01/14 v3.01 Basic AMSFonts support
\symAMSa=\mathgroup4
\symAMSb=\mathgroup5
LaTeX Font Info:    Redeclaring math symbol \hbar on input line 98.
LaTeX Font Info:    Overwriting math alphabet `\mathfrak' in version `bold'
(Font)                  U/euf/m/n --> U/euf/b/n on input line 106.
))
(/usr/local/texlive/2025basic/texmf-dist/tex/latex/amscls/amsthm.sty
Package: amsthm 2020/05/29 v2.20.6
\thm@style=\toks22
\thm@bodyfont=\toks23
\thm@headfont=\toks24
\thm@notefont=\toks25
\thm@headpunct=\toks26
\thm@preskip=\skip54
\thm@postskip=\skip55
\thm@headsep=\skip56
\dth@everypar=\toks27
)
(/usr/local/texlive/2025basic/texmf-dist/tex/latex/jknapltx/mathrsfs.sty
Package: mathrsfs 1996/01/01 Math RSFS package v1.0 (jk)
\symrsfs=\mathgroup6
)
(/usr/local/texlive/2025basic/texmf-dist/tex/latex/tools/enumerate.sty
Package: enumerate 2023/07/04 v3.00 enumerate extensions (DPC)
\@enLab=\toks28
)
(/usr/local/texlive/2025basic/texmf-dist/tex/latex/hyperref/hyperref.sty
Package: hyperref 2024-11-05 v7.01l Hypertext links for LaTeX

(/usr/local/texlive/2025basic/texmf-dist/tex/generic/iftex/iftex.sty
Package: iftex 2024/12/12 v1.0g TeX engine tests
)
(/usr/local/texlive/2025basic/texmf-dist/tex/latex/graphics/keyval.sty
Package: keyval 2022/05/29 v1.15 key=value parser (DPC)
\KV@toks@=\toks29
)
(/usr/local/texlive/2025basic/texmf-dist/tex/latex/kvsetkeys/kvsetkeys.sty
Package: kvsetkeys 2022-10-05 v1.19 Key value parser (HO)
)
(/usr/local/texlive/2025basic/texmf-dist/tex/generic/kvdefinekeys/kvdefinekeys.
sty
Package: kvdefinekeys 2019-12-19 v1.6 Define keys (HO)
)
(/usr/local/texlive/2025basic/texmf-dist/tex/generic/pdfescape/pdfescape.sty
Package: pdfescape 2019/12/09 v1.15 Implements pdfTeX's escape features (HO)

(/usr/local/texlive/2025basic/texmf-dist/tex/generic/ltxcmds/ltxcmds.sty
Package: ltxcmds 2023-12-04 v1.26 LaTeX kernel commands for general use (HO)
)
(/usr/local/texlive/2025basic/texmf-dist/tex/generic/pdftexcmds/pdftexcmds.sty
Package: pdftexcmds 2020-06-27 v0.33 Utility functions of pdfTeX for LuaTeX (HO
)

(/usr/local/texlive/2025basic/texmf-dist/tex/generic/infwarerr/infwarerr.sty
Package: infwarerr 2019/12/03 v1.5 Providing info/warning/error messages (HO)
)
Package pdftexcmds Info: \pdf@primitive is available.
Package pdftexcmds Info: \pdf@ifprimitive is available.
Package pdftexcmds Info: \pdfdraftmode found.
)) (/usr/local/texlive/2025basic/texmf-dist/tex/latex/hycolor/hycolor.sty
Package: hycolor 2020-01-27 v1.10 Color options for hyperref/bookmark (HO)
)
(/usr/local/texlive/2025basic/texmf-dist/tex/latex/hyperref/nameref.sty
Package: nameref 2023-11-26 v2.56 Cross-referencing by name of section

(/usr/local/texlive/2025basic/texmf-dist/tex/latex/refcount/refcount.sty
Package: refcount 2019/12/15 v3.6 Data extraction from label references (HO)
)
(/usr/local/texlive/2025basic/texmf-dist/tex/generic/gettitlestring/gettitlestr
ing.sty
Package: gettitlestring 2019/12/15 v1.6 Cleanup title references (HO)

(/usr/local/texlive/2025basic/texmf-dist/tex/latex/kvoptions/kvoptions.sty
Package: kvoptions 2022-06-15 v3.15 Key value format for package options (HO)
))
\c@section@level=\count282
)
(/usr/local/texlive/2025basic/texmf-dist/tex/latex/etoolbox/etoolbox.sty
Package: etoolbox 2025/02/11 v2.5l e-TeX tools for LaTeX (JAW)
\etb@tempcnta=\count283
)
(/usr/local/texlive/2025basic/texmf-dist/tex/generic/stringenc/stringenc.sty
Package: stringenc 2019/11/29 v1.12 Convert strings between diff. encodings (HO
)
)
\@linkdim=\dimen151
\Hy@linkcounter=\count284
\Hy@pagecounter=\count285

(/usr/local/texlive/2025basic/texmf-dist/tex/latex/hyperref/pd1enc.def
File: pd1enc.def 2024-11-05 v7.01l Hyperref: PDFDocEncoding definition (HO)
Now handling font encoding PD1 ...
... no UTF-8 mapping file for font encoding PD1
)
(/usr/local/texlive/2025basic/texmf-dist/tex/generic/intcalc/intcalc.sty
Package: intcalc 2019/12/15 v1.3 Expandable calculations with integers (HO)
)
\Hy@SavedSpaceFactor=\count286

(/usr/local/texlive/2025basic/texmf-dist/tex/latex/hyperref/puenc.def
File: puenc.def 2024-11-05 v7.01l Hyperref: PDF Unicode definition (HO)
Now handling font encoding PU ...
... no UTF-8 mapping file for font encoding PU
)
Package hyperref Info: Hyper figures OFF on input line 4157.
Package hyperref Info: Link nesting OFF on input line 4162.
Package hyperref Info: Hyper index ON on input line 4165.
Package hyperref Info: Plain pages OFF on input line 4172.
Package hyperref Info: Backreferencing OFF on input line 4177.
Package hyperref Info: Implicit mode ON; LaTeX internals redefined.
Package hyperref Info: Bookmarks ON on input line 4424.
\c@Hy@tempcnt=\count287

(/usr/local/texlive/2025basic/texmf-dist/tex/latex/url/url.sty
\Urlmuskip=\muskip18
Package: url 2013/09/16  ver 3.4  Verb mode for urls, etc.
)
LaTeX Info: Redefining \url on input line 4763.
\XeTeXLinkMargin=\dimen152

(/usr/local/texlive/2025basic/texmf-dist/tex/generic/bitset/bitset.sty
Package: bitset 2019/12/09 v1.3 Handle bit-vector datatype (HO)

(/usr/local/texlive/2025basic/texmf-dist/tex/generic/bigintcalc/bigintcalc.sty
Package: bigintcalc 2019/12/15 v1.5 Expandable calculations on big integers (HO
)
))
\Fld@menulength=\count288
\Field@Width=\dimen153
\Fld@charsize=\dimen154
Package hyperref Info: Hyper figures OFF on input line 6042.
Package hyperref Info: Link nesting OFF on input line 6047.
Package hyperref Info: Hyper index ON on input line 6050.
Package hyperref Info: backreferencing OFF on input line 6057.
Package hyperref Info: Link coloring OFF on input line 6062.
Package hyperref Info: Link coloring with OCG OFF on input line 6067.
Package hyperref Info: PDF/A mode OFF on input line 6072.
 (/usr/local/texlive/2025basic/texmf-dist/tex/latex/base/atbegshi-ltx.sty
Package: atbegshi-ltx 2021/01/10 v1.0c Emulation of the original atbegshi
package with kernel methods
)
\Hy@abspage=\count289
\c@Item=\count290
\c@Hfootnote=\count291
)
Package hyperref Info: Driver (autodetected): hpdftex.

(/usr/local/texlive/2025basic/texmf-dist/tex/latex/hyperref/hpdftex.def
File: hpdftex.def 2024-11-05 v7.01l Hyperref driver for pdfTeX

(/usr/local/texlive/2025basic/texmf-dist/tex/latex/base/atveryend-ltx.sty
Package: atveryend-ltx 2020/08/19 v1.0a Emulation of the original atveryend pac
kage
with kernel methods
)
\Fld@listcount=\count292
\c@bookmark@seq@number=\count293

(/usr/local/texlive/2025basic/texmf-dist/tex/latex/rerunfilecheck/rerunfilechec
k.sty
Package: rerunfilecheck 2022-07-10 v1.10 Rerun checks for auxiliary files (HO)

(/usr/local/texlive/2025basic/texmf-dist/tex/generic/uniquecounter/uniquecounte
r.sty
Package: uniquecounter 2019/12/15 v1.4 Provide unlimited unique counter (HO)
)
Package uniquecounter Info: New unique counter `rerunfilecheck' on input line 2
85.
)
\Hy@SectionHShift=\skip57
) (/usr/local/texlive/2025basic/texmf-dist/tex/latex/tikz-cd/tikz-cd.sty
Package: tikz-cd 2021/05/04 v1.0 Commutative diagrams with TikZ
(/usr/local/texlive/2025basic/texmf-dist/tex/latex/pgf/frontendlayer/tikz.sty
(/usr/local/texlive/2025basic/texmf-dist/tex/latex/pgf/basiclayer/pgf.sty
(/usr/local/texlive/2025basic/texmf-dist/tex/latex/pgf/utilities/pgfrcs.sty
(/usr/local/texlive/2025basic/texmf-dist/tex/generic/pgf/utilities/pgfutil-comm
on.tex
\pgfutil@everybye=\toks30
\pgfutil@tempdima=\dimen155
\pgfutil@tempdimb=\dimen156
)
(/usr/local/texlive/2025basic/texmf-dist/tex/generic/pgf/utilities/pgfutil-late
x.def
\pgfutil@abb=\box54
)
(/usr/local/texlive/2025basic/texmf-dist/tex/generic/pgf/utilities/pgfrcs.code.
tex (/usr/local/texlive/2025basic/texmf-dist/tex/generic/pgf/pgf.revision.tex)
Package: pgfrcs 2023-01-15 v3.1.10 (3.1.10)
))
Package: pgf 2023-01-15 v3.1.10 (3.1.10)
 (/usr/local/texlive/2025basic/texmf-dist/tex/latex/pgf/basiclayer/pgfcore.sty 
(/usr/local/texlive/2025basic/texmf-dist/tex/latex/graphics/graphicx.sty
Package: graphicx 2021/09/16 v1.2d Enhanced LaTeX Graphics (DPC,SPQR)

(/usr/local/texlive/2025basic/texmf-dist/tex/latex/graphics/graphics.sty
Package: graphics 2024/08/06 v1.4g Standard LaTeX Graphics (DPC,SPQR)

(/usr/local/texlive/2025basic/texmf-dist/tex/latex/graphics/trig.sty
Package: trig 2023/12/02 v1.11 sin cos tan (DPC)
)
(/usr/local/texlive/2025basic/texmf-dist/tex/latex/graphics-cfg/graphics.cfg
File: graphics.cfg 2016/06/04 v1.11 sample graphics configuration
)
Package graphics Info: Driver file: pdftex.def on input line 106.

(/usr/local/texlive/2025basic/texmf-dist/tex/latex/graphics-def/pdftex.def
File: pdftex.def 2024/04/13 v1.2c Graphics/color driver for pdftex
))
\Gin@req@height=\dimen157
\Gin@req@width=\dimen158
)
(/usr/local/texlive/2025basic/texmf-dist/tex/latex/pgf/systemlayer/pgfsys.sty
(/usr/local/texlive/2025basic/texmf-dist/tex/generic/pgf/systemlayer/pgfsys.cod
e.tex
Package: pgfsys 2023-01-15 v3.1.10 (3.1.10)

(/usr/local/texlive/2025basic/texmf-dist/tex/generic/pgf/utilities/pgfkeys.code
.tex
\pgfkeys@pathtoks=\toks31
\pgfkeys@temptoks=\toks32

(/usr/local/texlive/2025basic/texmf-dist/tex/generic/pgf/utilities/pgfkeyslibra
ryfiltered.code.tex
\pgfkeys@tmptoks=\toks33
))
\pgf@x=\dimen159
\pgf@y=\dimen160
\pgf@xa=\dimen161
\pgf@ya=\dimen162
\pgf@xb=\dimen163
\pgf@yb=\dimen164
\pgf@xc=\dimen165
\pgf@yc=\dimen166
\pgf@xd=\dimen167
\pgf@yd=\dimen168
\w@pgf@writea=\write3
\r@pgf@reada=\read2
\c@pgf@counta=\count294
\c@pgf@countb=\count295
\c@pgf@countc=\count296
\c@pgf@countd=\count297
\t@pgf@toka=\toks34
\t@pgf@tokb=\toks35
\t@pgf@tokc=\toks36
\pgf@sys@id@count=\count298

(/usr/local/texlive/2025basic/texmf-dist/tex/generic/pgf/systemlayer/pgf.cfg
File: pgf.cfg 2023-01-15 v3.1.10 (3.1.10)
)
Driver file for pgf: pgfsys-pdftex.def

(/usr/local/texlive/2025basic/texmf-dist/tex/generic/pgf/systemlayer/pgfsys-pdf
tex.def
File: pgfsys-pdftex.def 2023-01-15 v3.1.10 (3.1.10)

(/usr/local/texlive/2025basic/texmf-dist/tex/generic/pgf/systemlayer/pgfsys-com
mon-pdf.def
File: pgfsys-common-pdf.def 2023-01-15 v3.1.10 (3.1.10)
)))
(/usr/local/texlive/2025basic/texmf-dist/tex/generic/pgf/systemlayer/pgfsyssoft
path.code.tex
File: pgfsyssoftpath.code.tex 2023-01-15 v3.1.10 (3.1.10)
\pgfsyssoftpath@smallbuffer@items=\count299
\pgfsyssoftpath@bigbuffer@items=\count300
)
(/usr/local/texlive/2025basic/texmf-dist/tex/generic/pgf/systemlayer/pgfsysprot
ocol.code.tex
File: pgfsysprotocol.code.tex 2023-01-15 v3.1.10 (3.1.10)
))
(/usr/local/texlive/2025basic/texmf-dist/tex/latex/xcolor/xcolor.sty
Package: xcolor 2024/09/29 v3.02 LaTeX color extensions (UK)

(/usr/local/texlive/2025basic/texmf-dist/tex/latex/graphics-cfg/color.cfg
File: color.cfg 2016/01/02 v1.6 sample color configuration
)
Package xcolor Info: Driver file: pdftex.def on input line 274.

(/usr/local/texlive/2025basic/texmf-dist/tex/latex/graphics/mathcolor.ltx)
Package xcolor Info: Model `cmy' substituted by `cmy0' on input line 1349.
Package xcolor Info: Model `hsb' substituted by `rgb' on input line 1353.
Package xcolor Info: Model `RGB' extended on input line 1365.
Package xcolor Info: Model `HTML' substituted by `rgb' on input line 1367.
Package xcolor Info: Model `Hsb' substituted by `hsb' on input line 1368.
Package xcolor Info: Model `tHsb' substituted by `hsb' on input line 1369.
Package xcolor Info: Model `HSB' substituted by `hsb' on input line 1370.
Package xcolor Info: Model `Gray' substituted by `gray' on input line 1371.
Package xcolor Info: Model `wave' substituted by `hsb' on input line 1372.
)
(/usr/local/texlive/2025basic/texmf-dist/tex/generic/pgf/basiclayer/pgfcore.cod
e.tex
Package: pgfcore 2023-01-15 v3.1.10 (3.1.10)

(/usr/local/texlive/2025basic/texmf-dist/tex/generic/pgf/math/pgfmath.code.tex
(/usr/local/texlive/2025basic/texmf-dist/tex/generic/pgf/math/pgfmathutil.code.
tex)
(/usr/local/texlive/2025basic/texmf-dist/tex/generic/pgf/math/pgfmathparser.cod
e.tex
\pgfmath@dimen=\dimen169
\pgfmath@count=\count301
\pgfmath@box=\box55
\pgfmath@toks=\toks37
\pgfmath@stack@operand=\toks38
\pgfmath@stack@operation=\toks39
)
(/usr/local/texlive/2025basic/texmf-dist/tex/generic/pgf/math/pgfmathfunctions.
code.tex)
(/usr/local/texlive/2025basic/texmf-dist/tex/generic/pgf/math/pgfmathfunctions.
basic.code.tex)
(/usr/local/texlive/2025basic/texmf-dist/tex/generic/pgf/math/pgfmathfunctions.
trigonometric.code.tex)
(/usr/local/texlive/2025basic/texmf-dist/tex/generic/pgf/math/pgfmathfunctions.
random.code.tex)
(/usr/local/texlive/2025basic/texmf-dist/tex/generic/pgf/math/pgfmathfunctions.
comparison.code.tex)
(/usr/local/texlive/2025basic/texmf-dist/tex/generic/pgf/math/pgfmathfunctions.
base.code.tex)
(/usr/local/texlive/2025basic/texmf-dist/tex/generic/pgf/math/pgfmathfunctions.
round.code.tex)
(/usr/local/texlive/2025basic/texmf-dist/tex/generic/pgf/math/pgfmathfunctions.
misc.code.tex)
(/usr/local/texlive/2025basic/texmf-dist/tex/generic/pgf/math/pgfmathfunctions.
integerarithmetics.code.tex)
(/usr/local/texlive/2025basic/texmf-dist/tex/generic/pgf/math/pgfmathcalc.code.
tex)
(/usr/local/texlive/2025basic/texmf-dist/tex/generic/pgf/math/pgfmathfloat.code
.tex
\c@pgfmathroundto@lastzeros=\count302
))
(/usr/local/texlive/2025basic/texmf-dist/tex/generic/pgf/math/pgfint.code.tex)
(/usr/local/texlive/2025basic/texmf-dist/tex/generic/pgf/basiclayer/pgfcorepoin
ts.code.tex
File: pgfcorepoints.code.tex 2023-01-15 v3.1.10 (3.1.10)
\pgf@picminx=\dimen170
\pgf@picmaxx=\dimen171
\pgf@picminy=\dimen172
\pgf@picmaxy=\dimen173
\pgf@pathminx=\dimen174
\pgf@pathmaxx=\dimen175
\pgf@pathminy=\dimen176
\pgf@pathmaxy=\dimen177
\pgf@xx=\dimen178
\pgf@xy=\dimen179
\pgf@yx=\dimen180
\pgf@yy=\dimen181
\pgf@zx=\dimen182
\pgf@zy=\dimen183
)
(/usr/local/texlive/2025basic/texmf-dist/tex/generic/pgf/basiclayer/pgfcorepath
construct.code.tex
File: pgfcorepathconstruct.code.tex 2023-01-15 v3.1.10 (3.1.10)
\pgf@path@lastx=\dimen184
\pgf@path@lasty=\dimen185
)
(/usr/local/texlive/2025basic/texmf-dist/tex/generic/pgf/basiclayer/pgfcorepath
usage.code.tex
File: pgfcorepathusage.code.tex 2023-01-15 v3.1.10 (3.1.10)
\pgf@shorten@end@additional=\dimen186
\pgf@shorten@start@additional=\dimen187
)
(/usr/local/texlive/2025basic/texmf-dist/tex/generic/pgf/basiclayer/pgfcorescop
es.code.tex
File: pgfcorescopes.code.tex 2023-01-15 v3.1.10 (3.1.10)
\pgfpic=\box56
\pgf@hbox=\box57
\pgf@layerbox@main=\box58
\pgf@picture@serial@count=\count303
)
(/usr/local/texlive/2025basic/texmf-dist/tex/generic/pgf/basiclayer/pgfcoregrap
hicstate.code.tex
File: pgfcoregraphicstate.code.tex 2023-01-15 v3.1.10 (3.1.10)
\pgflinewidth=\dimen188
)
(/usr/local/texlive/2025basic/texmf-dist/tex/generic/pgf/basiclayer/pgfcoretran
sformations.code.tex
File: pgfcoretransformations.code.tex 2023-01-15 v3.1.10 (3.1.10)
\pgf@pt@x=\dimen189
\pgf@pt@y=\dimen190
\pgf@pt@temp=\dimen191
)
(/usr/local/texlive/2025basic/texmf-dist/tex/generic/pgf/basiclayer/pgfcorequic
k.code.tex
File: pgfcorequick.code.tex 2023-01-15 v3.1.10 (3.1.10)
)
(/usr/local/texlive/2025basic/texmf-dist/tex/generic/pgf/basiclayer/pgfcoreobje
cts.code.tex
File: pgfcoreobjects.code.tex 2023-01-15 v3.1.10 (3.1.10)
)
(/usr/local/texlive/2025basic/texmf-dist/tex/generic/pgf/basiclayer/pgfcorepath
processing.code.tex
File: pgfcorepathprocessing.code.tex 2023-01-15 v3.1.10 (3.1.10)
)
(/usr/local/texlive/2025basic/texmf-dist/tex/generic/pgf/basiclayer/pgfcorearro
ws.code.tex
File: pgfcorearrows.code.tex 2023-01-15 v3.1.10 (3.1.10)
\pgfarrowsep=\dimen192
)
(/usr/local/texlive/2025basic/texmf-dist/tex/generic/pgf/basiclayer/pgfcoreshad
e.code.tex
File: pgfcoreshade.code.tex 2023-01-15 v3.1.10 (3.1.10)
\pgf@max=\dimen193
\pgf@sys@shading@range@num=\count304
\pgf@shadingcount=\count305
)
(/usr/local/texlive/2025basic/texmf-dist/tex/generic/pgf/basiclayer/pgfcoreimag
e.code.tex
File: pgfcoreimage.code.tex 2023-01-15 v3.1.10 (3.1.10)
)
(/usr/local/texlive/2025basic/texmf-dist/tex/generic/pgf/basiclayer/pgfcoreexte
rnal.code.tex
File: pgfcoreexternal.code.tex 2023-01-15 v3.1.10 (3.1.10)
\pgfexternal@startupbox=\box59
)
(/usr/local/texlive/2025basic/texmf-dist/tex/generic/pgf/basiclayer/pgfcorelaye
rs.code.tex
File: pgfcorelayers.code.tex 2023-01-15 v3.1.10 (3.1.10)
)
(/usr/local/texlive/2025basic/texmf-dist/tex/generic/pgf/basiclayer/pgfcoretran
sparency.code.tex
File: pgfcoretransparency.code.tex 2023-01-15 v3.1.10 (3.1.10)
)
(/usr/local/texlive/2025basic/texmf-dist/tex/generic/pgf/basiclayer/pgfcorepatt
erns.code.tex
File: pgfcorepatterns.code.tex 2023-01-15 v3.1.10 (3.1.10)
)
(/usr/local/texlive/2025basic/texmf-dist/tex/generic/pgf/basiclayer/pgfcorerdf.
code.tex
File: pgfcorerdf.code.tex 2023-01-15 v3.1.10 (3.1.10)
)))
(/usr/local/texlive/2025basic/texmf-dist/tex/generic/pgf/modules/pgfmoduleshape
s.code.tex
File: pgfmoduleshapes.code.tex 2023-01-15 v3.1.10 (3.1.10)
\pgfnodeparttextbox=\box60
)
(/usr/local/texlive/2025basic/texmf-dist/tex/generic/pgf/modules/pgfmoduleplot.
code.tex
File: pgfmoduleplot.code.tex 2023-01-15 v3.1.10 (3.1.10)
)
(/usr/local/texlive/2025basic/texmf-dist/tex/latex/pgf/compatibility/pgfcomp-ve
rsion-0-65.sty
Package: pgfcomp-version-0-65 2023-01-15 v3.1.10 (3.1.10)
\pgf@nodesepstart=\dimen194
\pgf@nodesepend=\dimen195
)
(/usr/local/texlive/2025basic/texmf-dist/tex/latex/pgf/compatibility/pgfcomp-ve
rsion-1-18.sty
Package: pgfcomp-version-1-18 2023-01-15 v3.1.10 (3.1.10)
))
(/usr/local/texlive/2025basic/texmf-dist/tex/latex/pgf/utilities/pgffor.sty
(/usr/local/texlive/2025basic/texmf-dist/tex/latex/pgf/utilities/pgfkeys.sty
(/usr/local/texlive/2025basic/texmf-dist/tex/generic/pgf/utilities/pgfkeys.code
.tex)) (/usr/local/texlive/2025basic/texmf-dist/tex/latex/pgf/math/pgfmath.sty
(/usr/local/texlive/2025basic/texmf-dist/tex/generic/pgf/math/pgfmath.code.tex)
)
(/usr/local/texlive/2025basic/texmf-dist/tex/generic/pgf/utilities/pgffor.code.
tex
Package: pgffor 2023-01-15 v3.1.10 (3.1.10)
\pgffor@iter=\dimen196
\pgffor@skip=\dimen197
\pgffor@stack=\toks40
\pgffor@toks=\toks41
))
(/usr/local/texlive/2025basic/texmf-dist/tex/generic/pgf/frontendlayer/tikz/tik
z.code.tex
Package: tikz 2023-01-15 v3.1.10 (3.1.10)

(/usr/local/texlive/2025basic/texmf-dist/tex/generic/pgf/libraries/pgflibrarypl
othandlers.code.tex
File: pgflibraryplothandlers.code.tex 2023-01-15 v3.1.10 (3.1.10)
\pgf@plot@mark@count=\count306
\pgfplotmarksize=\dimen198
)
\tikz@lastx=\dimen199
\tikz@lasty=\dimen256
\tikz@lastxsaved=\dimen257
\tikz@lastysaved=\dimen258
\tikz@lastmovetox=\dimen259
\tikz@lastmovetoy=\dimen260
\tikzleveldistance=\dimen261
\tikzsiblingdistance=\dimen262
\tikz@figbox=\box61
\tikz@figbox@bg=\box62
\tikz@tempbox=\box63
\tikz@tempbox@bg=\box64
\tikztreelevel=\count307
\tikznumberofchildren=\count308
\tikznumberofcurrentchild=\count309
\tikz@fig@count=\count310

(/usr/local/texlive/2025basic/texmf-dist/tex/generic/pgf/modules/pgfmodulematri
x.code.tex
File: pgfmodulematrix.code.tex 2023-01-15 v3.1.10 (3.1.10)
\pgfmatrixcurrentrow=\count311
\pgfmatrixcurrentcolumn=\count312
\pgf@matrix@numberofcolumns=\count313
)
\tikz@expandcount=\count314

(/usr/local/texlive/2025basic/texmf-dist/tex/generic/pgf/frontendlayer/tikz/lib
raries/tikzlibrarytopaths.code.tex
File: tikzlibrarytopaths.code.tex 2023-01-15 v3.1.10 (3.1.10)
)))
(/usr/local/texlive/2025basic/texmf-dist/tex/generic/tikz-cd/tikzlibrarycd.code
.tex
(/usr/local/texlive/2025basic/texmf-dist/tex/generic/pgf/frontendlayer/tikz/lib
raries/tikzlibrarymatrix.code.tex
File: tikzlibrarymatrix.code.tex 2023-01-15 v3.1.10 (3.1.10)
)
(/usr/local/texlive/2025basic/texmf-dist/tex/generic/pgf/frontendlayer/tikz/lib
raries/tikzlibraryquotes.code.tex
File: tikzlibraryquotes.code.tex 2023-01-15 v3.1.10 (3.1.10)
)
(/usr/local/texlive/2025basic/texmf-dist/tex/generic/pgf/libraries/pgflibraryar
rows.meta.code.tex
File: pgflibraryarrows.meta.code.tex 2023-01-15 v3.1.10 (3.1.10)
\pgfarrowinset=\dimen263
\pgfarrowlength=\dimen264
\pgfarrowwidth=\dimen265
\pgfarrowlinewidth=\dimen266
)))
(/usr/local/texlive/2025basic/texmf-dist/tex/latex/algorithms/algorithm.sty
Package: algorithm 2009/08/24 v0.1 Document Style `algorithm' - floating enviro
nment

(/usr/local/texlive/2025basic/texmf-dist/tex/latex/float/float.sty
Package: float 2001/11/08 v1.3d Float enhancements (AL)
\c@float@type=\count315
\float@exts=\toks42
\float@box=\box65
\@float@everytoks=\toks43
\@floatcapt=\box66
)
(/usr/local/texlive/2025basic/texmf-dist/tex/latex/base/ifthen.sty
Package: ifthen 2024/03/16 v1.1e Standard LaTeX ifthen package (DPC)
)
\@float@every@algorithm=\toks44
\c@algorithm=\count316
)
(/usr/local/texlive/2025basic/texmf-dist/tex/latex/algorithms/algorithmic.sty
Package: algorithmic 2009/08/24 v0.1 Document Style `algorithmic'
\c@ALC@unique=\count317
\c@ALC@line=\count318
\c@ALC@rem=\count319
\c@ALC@depth=\count320
\ALC@tlm=\skip58
\algorithmicindent=\skip59
)
(/usr/local/texlive/2025basic/texmf-dist/tex/latex/geometry/geometry.sty
Package: geometry 2020/01/02 v5.9 Page Geometry

(/usr/local/texlive/2025basic/texmf-dist/tex/generic/iftex/ifvtex.sty
Package: ifvtex 2019/10/25 v1.7 ifvtex legacy package. Use iftex instead.
)
\Gm@cnth=\count321
\Gm@cntv=\count322
\c@Gm@tempcnt=\count323
\Gm@bindingoffset=\dimen267
\Gm@wd@mp=\dimen268
\Gm@odd@mp=\dimen269
\Gm@even@mp=\dimen270
\Gm@layoutwidth=\dimen271
\Gm@layoutheight=\dimen272
\Gm@layouthoffset=\dimen273
\Gm@layoutvoffset=\dimen274
\Gm@dimlist=\toks45
)
\c@theorem=\count324

(/usr/local/texlive/2025basic/texmf-dist/tex/latex/l3backend/l3backend-pdftex.d
ef
File: l3backend-pdftex.def 2024-05-08 L3 backend support: PDF output (pdfTeX)
\l__color_backend_stack_int=\count325
\l__pdf_internal_box=\box67
)
No file hnf_paper.aux.
\openout1 = `hnf_paper.aux'.

LaTeX Font Info:    Checking defaults for OML/cmm/m/it on input line 63.
LaTeX Font Info:    ... okay on input line 63.
LaTeX Font Info:    Checking defaults for OMS/cmsy/m/n on input line 63.
LaTeX Font Info:    ... okay on input line 63.
LaTeX Font Info:    Checking defaults for OT1/cmr/m/n on input line 63.
LaTeX Font Info:    ... okay on input line 63.
LaTeX Font Info:    Checking defaults for T1/cmr/m/n on input line 63.
LaTeX Font Info:    ... okay on input line 63.
LaTeX Font Info:    Checking defaults for TS1/cmr/m/n on input line 63.
LaTeX Font Info:    ... okay on input line 63.
LaTeX Font Info:    Checking defaults for OMX/cmex/m/n on input line 63.
LaTeX Font Info:    ... okay on input line 63.
LaTeX Font Info:    Checking defaults for U/cmr/m/n on input line 63.
LaTeX Font Info:    ... okay on input line 63.
LaTeX Font Info:    Checking defaults for PD1/pdf/m/n on input line 63.
LaTeX Font Info:    ... okay on input line 63.
LaTeX Font Info:    Checking defaults for PU/pdf/m/n on input line 63.
LaTeX Font Info:    ... okay on input line 63.
Package hyperref Info: Link coloring OFF on input line 63.
\@outlinefile=\write4
\openout4 = `hnf_paper.out'.

(/usr/local/texlive/2025basic/texmf-dist/tex/context/base/mkii/supp-pdf.mkii
[Loading MPS to PDF converter (version 2006.09.02).]
\scratchcounter=\count326
\scratchdimen=\dimen275
\scratchbox=\box68
\nofMPsegments=\count327
\nofMParguments=\count328
\everyMPshowfont=\toks46
\MPscratchCnt=\count329
\MPscratchDim=\dimen276
\MPnumerator=\count330
\makeMPintoPDFobject=\count331
\everyMPtoPDFconversion=\toks47
)
(/usr/local/texlive/2025basic/texmf-dist/tex/latex/epstopdf-pkg/epstopdf-base.s
ty
Package: epstopdf-base 2020-01-24 v2.11 Base part for package epstopdf
Package epstopdf-base Info: Redefining graphics rule for `.eps' on input line 4
85.

(/usr/local/texlive/2025basic/texmf-dist/tex/latex/latexconfig/epstopdf-sys.cfg
File: epstopdf-sys.cfg 2010/07/13 v1.3 Configuration of (r)epstopdf for TeX Liv
e
))
*geometry* driver: auto-detecting
*geometry* detected driver: pdftex
*geometry* verbose mode - [ preamble ] result:
* driver: pdftex
* paper: <default>
* layout: <same size as paper>
* layoutoffset:(h,v)=(0.0pt,0.0pt)
* modes: 
* h-part:(L,W,R)=(72.26999pt, 469.75502pt, 72.26999pt)
* v-part:(T,H,B)=(72.26999pt, 650.43001pt, 72.26999pt)
* \paperwidth=614.295pt
* \paperheight=794.96999pt
* \textwidth=469.75502pt
* \textheight=650.43001pt
* \oddsidemargin=0.0pt
* \evensidemargin=0.0pt
* \topmargin=-37.0pt
* \headheight=12.0pt
* \headsep=25.0pt
* \topskip=11.0pt
* \footskip=30.0pt
* \marginparwidth=59.0pt
* \marginparsep=10.0pt
* \columnsep=10.0pt
* \skip\footins=10.0pt plus 4.0pt minus 2.0pt
* \hoffset=0.0pt
* \voffset=0.0pt
* \mag=1000
* \@twocolumnfalse
* \@twosidefalse
* \@mparswitchfalse
* \@reversemarginfalse
* (1in=72.27pt=25.4mm, 1cm=28.453pt)

LaTeX Font Info:    Trying to load font information for U+msa on input line 70.

(/usr/local/texlive/2025basic/texmf-dist/tex/latex/amsfonts/umsa.fd
File: umsa.fd 2013/01/14 v3.01 AMS symbols A
)
LaTeX Font Info:    Trying to load font information for U+msb on input line 70.


(/usr/local/texlive/2025basic/texmf-dist/tex/latex/amsfonts/umsb.fd
File: umsb.fd 2013/01/14 v3.01 AMS symbols B
)
LaTeX Font Info:    Trying to load font information for U+rsfs on input line 70
.

(/usr/local/texlive/2025basic/texmf-dist/tex/latex/jknapltx/ursfs.fd
File: ursfs.fd 1998/03/24 rsfs font definition file (jk)
)
Overfull \hbox (8.95909pt too wide) in paragraph at lines 74--75
[]\OT1/cmr/bx/n/10 The Ho-mo-topy Clas-si-fi-ca-tion The-o-rem: \OT1/cmr/m/n/10
 Nu-mer-i-cal types carry ho-mo-topy groups $\OML/cmm/m/it/10 ^^Y[]\OT1/cmr/m/n
/10 (\OML/cmm/m/it/10 A\OT1/cmr/m/n/10 )$
 []



[1

{/usr/local/texlive/2025basic/texmf-var/fonts/map/pdftex/updmap/pdftex.map}]
No file hnf_paper.toc.
\tf@toc=\write5
\openout5 = `hnf_paper.toc'.


Overfull \hbox (8.27234pt too wide) in paragraph at lines 101--102
[]\OT1/cmr/bx/n/10.95 Curvature ob-structs pre-ci-sion. \OT1/cmr/m/n/10.95 The 
in-vari-ant $\OML/cmm/m/it/10.95 ^^T[]$ \OT1/cmr/m/n/10.95 pro-vides lower boun
ds $\OML/cmm/m/it/10.95 p \OMS/cmsy/m/n/10.95 ^^U [][]\OT1/cmr/m/n/10.95 (\OML/
cmm/m/it/10.95 c^^TD[]="\OT1/cmr/m/n/10.95 )$
 []


LaTeX Warning: Reference `def:nmet-category' on page 2 undefined on input line 
119.



[2]

LaTeX Warning: Reference `def:curvature' on page 3 undefined on input line 138.



LaTeX Warning: Reference `thm:stability' on page 3 undefined on input line 163.



LaTeX Warning: Reference `thm:obstruction' on page 3 undefined on input line 16
4.



[3]

LaTeX Warning: Reference `thm:stability' on page 4 undefined on input line 170.



LaTeX Warning: Reference `thm:obstruction' on page 4 undefined on input line 17
9.


LaTeX Warning: Reference `thm:stability' on page 4 undefined on input line 189.



LaTeX Warning: Reference `sec:gallery' on page 4 undefined on input line 194.


LaTeX Warning: Reference `thm:stability' on page 4 undefined on input line 201.



LaTeX Warning: Reference `thm:obstruction' on page 4 undefined on input line 21
0.


LaTeX Warning: Reference `thm:obstruction' on page 4 undefined on input line 21
6.


LaTeX Warning: Reference `rem:obstruction-scope' on page 4 undefined on input l
ine 216.



[4]

LaTeX Warning: Reference `thm:representation' on page 5 undefined on input line
 219.


LaTeX Warning: Reference `thm:compilation-correctness' on page 5 undefined on i
nput line 230.


LaTeX Warning: Reference `alg:principled-compilation' on page 5 undefined on in
put line 232.



[5]

LaTeX Warning: Reference `sec:precision-sheaf' on page 6 undefined on input lin
e 262.


LaTeX Warning: Citation `Higham' on page 6 undefined on input line 266.


LaTeX Warning: Citation `TrefethenBau' on page 6 undefined on input line 266.


LaTeX Warning: Citation `DemmelKahan1990' on page 6 undefined on input line 266
.


LaTeX Warning: Citation `Voevodsky2010' on page 6 undefined on input line 268.


LaTeX Warning: Citation `HoTTBook' on page 6 undefined on input line 268.


LaTeX Warning: Citation `BishopBridges' on page 6 undefined on input line 270.


LaTeX Warning: Citation `vanOosten' on page 6 undefined on input line 270.


LaTeX Warning: Citation `AroraBMR2018' on page 6 undefined on input line 272.


LaTeX Warning: Citation `Telgarsky2016' on page 6 undefined on input line 272.


LaTeX Warning: Citation `Montufar2014' on page 6 undefined on input line 272.


Overfull \hbox (2.58594pt too wide) in paragraph at lines 274--275
[]\OT1/cmr/bx/n/10.95 The key in-no-va-tion: \OT1/cmr/m/n/10.95 Prior work pro-
vides up-per bounds (``this al-go-rithm achieves $\OML/cmm/m/it/10.95 "$\OT1/cm
r/m/n/10.95 -accuracy'').
 []



[6]

LaTeX Warning: Reference `thm:stability' on page 7 undefined on input line 305.



LaTeX Warning: Reference `cor:deep-networks' on page 7 undefined on input line 
323.



[7]

LaTeX Warning: Reference `thm:compilation-correctness' on page 8 undefined on i
nput line 394.



[8]

[9]

LaTeX Warning: Citation `Higham' on page 10 undefined on input line 463.


LaTeX Warning: Reference `sec:applications' on page 10 undefined on input line 
463.


Overfull \hbox (4.94427pt too wide) in paragraph at lines 470--471
[][]\OT1/cmr/bx/n/10.95 Definition 3.5 \OT1/cmr/m/n/10.95 (Nu-mer-i-cal Type)\O
T1/cmr/bx/n/10.95 . []\OT1/cmr/m/it/10.95 A \OT1/cmr/m/n/10.95 nu-mer-i-cal typ
e \OT1/cmr/m/it/10.95 is a tu-ple $\OML/cmm/m/it/10.95 A \OT1/cmr/m/n/10.95 = (
\OMS/cmsy/m/n/10.95 j\OML/cmm/m/it/10.95 A\OMS/cmsy/m/n/10.95 j\OML/cmm/m/it/10
.95 ; d[]; \OMS/cmsy/m/n/10.95 f[][]\OT1/cmr/m/n/10.95 (\OML/cmm/m/it/10.95 "; 
H\OT1/cmr/m/n/10.95 )\OMS/cmsy/m/n/10.95 g\OML/cmm/m/it/10.95 ; \OMS/cmsy/m/n/1
0.95 f\OML/cmm/m/it/10.95 ^^Z[]\OMS/cmsy/m/n/10.95 g\OT1/cmr/m/n/10.95 )$
 []



[10]

[11]

LaTeX Warning: Reference `ex:running-morphism' on page 12 undefined on input li
ne 563.


LaTeX Warning: Reference `ex:running-stability' on page 12 undefined on input l
ine 563.


LaTeX Warning: Reference `sec:matrix-inversion' on page 12 undefined on input l
ine 563.


LaTeX Warning: Reference `lem:composition-assoc' on page 12 undefined on input 
line 584.



[12]

LaTeX Warning: Reference `ex:running-Rn' on page 13 undefined on input line 600
.



[13]

LaTeX Warning: Reference `def:morphism-equiv' on page 14 undefined on input lin
e 649.



[14]

LaTeX Warning: Reference `def:domination' on page 15 undefined on input line 68
3.


LaTeX Warning: Reference `def:morphism-equiv' on page 15 undefined on input lin
e 694.


LaTeX Warning: Reference `lem:composition-assoc' on page 15 undefined on input 
line 703.



[15]

LaTeX Warning: Reference `def:morphism-equiv' on page 16 undefined on input lin
e 718.


LaTeX Warning: Reference `def:numerical-type' on page 16 undefined on input lin
e 725.


LaTeX Warning: Reference `def:morphism-equiv' on page 16 undefined on input lin
e 726.


Overfull \hbox (20.62312pt too wide) in paragraph at lines 764--766
[]\OT1/cmr/bx/n/10.95 Axiom 1: Non-negativity and re-flex-iv-ity. \OT1/cmr/m/n/
10.95 By def-i-ni-tion, $\OML/cmm/m/it/10.95 d[]\OT1/cmr/m/n/10.95 (\OML/cmm/m/
it/10.95 A; B\OT1/cmr/m/n/10.95 ) = [][] []([](\OML/cmm/m/it/10.95 f; g\OT1/cmr
/m/n/10.95 )) \OMS/cmsy/m/n/10.95 ^^U
 []



[16]

LaTeX Warning: Citation `Villani' on page 17 undefined on input line 839.


LaTeX Warning: Citation `OTMC' on page 17 undefined on input line 839.



[17]

LaTeX Warning: Reference `sec:stability' on page 18 undefined on input line 842
.


LaTeX Warning: Reference `sec:applications' on page 18 undefined on input line 
842.


LaTeX Warning: Reference `sec:stability' on page 18 undefined on input line 842
.


LaTeX Warning: Reference `app:universal-property' on page 18 undefined on input
 line 842.


Overfull \hbox (50.22179pt too wide) in paragraph at lines 842--843
[][]\OT1/cmr/m/it/10.95 Remark \OT1/cmr/m/n/10.95 3.25 (Scope: Layer 1 Ma-te-ri
al)\OT1/cmr/m/it/10.95 . []\OT1/cmr/bx/n/10.95 This sub-sec-tion con-tains Laye
r 1 (foun-da-tional/homotopical)
 []


LaTeX Warning: Reference `thm:universal-num-dist' on page 18 undefined on input
 line 845.


LaTeX Warning: Reference `lem:subadditive' on page 18 undefined on input line 8
82.


LaTeX Warning: Reference `thm:stability' on page 18 undefined on input line 884
.



[18]

LaTeX Warning: Reference `lem:subadditive' on page 19 undefined on input line 9
31.


LaTeX Warning: Reference `ex:running-Rn' on page 19 undefined on input line 958
.


LaTeX Warning: Reference `ex:running-morphism' on page 19 undefined on input li
ne 958.



[19]

LaTeX Warning: Reference `ex:running-morphism' on page 20 undefined on input li
ne 965.


LaTeX Warning: Reference `thm:stability' on page 20 undefined on input line 967
.



[20]

LaTeX Warning: Reference `thm:forward-backward' on page 21 undefined on input l
ine 1042.


LaTeX Warning: Reference `thm:stability' on page 21 undefined on input line 106
7.



[21]

[22]

LaTeX Warning: Citation `Demmel' on page 23 undefined on input line 1128.


LaTeX Warning: Citation `TraubWozniakowski' on page 23 undefined on input line 
1130.


LaTeX Warning: Reference `thm:obstruction' on page 23 undefined on input line 1
132.



[23]

LaTeX Warning: Reference `sec:matrix-case-study' on page 24 undefined on input 
line 1190.


LaTeX Warning: Reference `eq:taylor-integral' on page 24 undefined on input lin
e 1210.



[24]

LaTeX Warning: Reference `eq:midpoint-lower' on page 25 undefined on input line
 1243.


Overfull \hbox (10.47302pt too wide) in paragraph at lines 1249--1251
\OT1/cmr/m/n/10.95 of rep-re-sentable num-bers). For the three points $\OML/cmm
/m/it/10.95 a; a[]; m$\OT1/cmr/m/n/10.95 , the com-puted out-puts $[](\OML/cmm/
m/it/10.95 r[]\OT1/cmr/m/n/10.95 )\OML/cmm/m/it/10.95 ; []\OT1/cmr/m/n/10.95 (\
OML/cmm/m/it/10.95 r[]\OT1/cmr/m/n/10.95 )\OML/cmm/m/it/10.95 ; []\OT1/cmr/m/n/
10.95 (\OML/cmm/m/it/10.95 r[]\OT1/cmr/m/n/10.95 )$
 []


LaTeX Warning: Reference `eq:midpoint-lower' on page 25 undefined on input line
 1267.



[25]

LaTeX Warning: Reference `ex:curvature-inverse' on page 26 undefined on input l
ine 1304.


LaTeX Warning: Reference `ex:curvature-inverse' on page 26 undefined on input l
ine 1315.



[26]

LaTeX Warning: Citation `Higham' on page 27 undefined on input line 1322.


Overfull \hbox (8.90788pt too wide) in paragraph at lines 1348--1349
[]\OT1/cmr/bx/it/10.95 Realization map: $\OML/cmm/m/it/10.95 ^^Z\OT1/cmr/m/n/10
.95 ([]) = []$ \OT1/cmr/m/it/10.95 viewed as a real ma-trix. The ap-prox-i-ma-t
ion bound is $\OML/cmm/m/it/10.95 d\OT1/cmr/m/n/10.95 (\OML/cmm/m/it/10.95 ^^Z\
OT1/cmr/m/n/10.95 ([])\OML/cmm/m/it/10.95 ; A\OT1/cmr/m/n/10.95 ) \OMS/cmsy/m/n
/10.95 ^^T
 []


LaTeX Warning: Citation `Higham' on page 27 undefined on input line 1353.


LaTeX Warning: Citation `Higham' on page 27 undefined on input line 1356.



[27]

LaTeX Warning: Reference `thm:stability' on page 28 undefined on input line 135
9.


LaTeX Warning: Reference `ex:concrete-precision' on page 28 undefined on input 
line 1359.


LaTeX Warning: Citation `Higham' on page 28 undefined on input line 1389.



[28]

LaTeX Warning: Reference `thm:obstruction' on page 29 undefined on input line 1
428.


LaTeX Warning: Reference `prop:inv-morphism' on page 29 undefined on input line
 1436.


LaTeX Warning: Reference `thm:inv-precision' on page 29 undefined on input line
 1440.


LaTeX Warning: Reference `thm:inv-precision' on page 29 undefined on input line
 1458.


LaTeX Warning: Reference `prop:inv-morphism' on page 29 undefined on input line
 1465.



[29]

LaTeX Warning: Reference `sec:representation' on page 30 undefined on input lin
e 1530.



[30]

LaTeX Warning: Citation `OTMC' on page 31 undefined on input line 1562.


LaTeX Warning: Reference `thm:obstruction' on page 31 undefined on input line 1
579.



[31]

LaTeX Warning: Citation `OTMC' on page 32 undefined on input line 1601.



[32]

[33]

LaTeX Warning: Reference `thm:stability' on page 34 undefined on input line 170
9.



[34]

[35]

LaTeX Warning: Reference `prop:topology' on page 36 undefined on input line 183
2.


LaTeX Warning: Reference `ex:explicit-cohomology' on page 36 undefined on input
 line 1836.


LaTeX Warning: Reference `sec:stability' on page 36 undefined on input line 184
5.


LaTeX Warning: Reference `sec:compilation' on page 36 undefined on input line 1
845.



[36]

LaTeX Warning: Citation `AroraBMR2018' on page 37 undefined on input line 1860.



LaTeX Warning: Reference `thm:representation' on page 37 undefined on input lin
e 1860.


LaTeX Warning: Citation `Telgarsky2016' on page 37 undefined on input line 1862
.


LaTeX Warning: Citation `Montufar2014' on page 37 undefined on input line 1864.



LaTeX Warning: Reference `def:pw-lipschitz' on page 37 undefined on input line 
1864.


LaTeX Warning: Citation `HaninRolnick2019' on page 37 undefined on input line 1
866.


LaTeX Warning: Citation `AroraBMR2018' on page 37 undefined on input line 1874.



LaTeX Warning: Citation `Telgarsky2016' on page 37 undefined on input line 1875
.


LaTeX Warning: Citation `Montufar2014' on page 37 undefined on input line 1876.



LaTeX Warning: Citation `HaninRolnick2019' on page 37 undefined on input line 1
876.


LaTeX Warning: Reference `def:pw-lipschitz' on page 37 undefined on input line 
1881.


LaTeX Warning: Reference `ex:precision-collapse' on page 37 undefined on input 
line 1881.


LaTeX Warning: Reference `prop:definable-realizers' on page 37 undefined on inp
ut line 1882.


LaTeX Warning: Reference `cor:deep-networks' on page 37 undefined on input line
 1882.


LaTeX Warning: Reference `thm:representation' on page 37 undefined on input lin
e 1887.



[37]

[38]
Overfull \hbox (1.60867pt too wide) in paragraph at lines 1985--1986
[]\OT1/cmr/bx/n/10.95 (iii) $\OMS/cmsy/m/n/10.95 )$ \OT1/cmr/bx/n/10.95 (i): \O
T1/cmr/m/n/10.95 Let $\OML/cmm/m/it/10.95 f \OT1/cmr/m/n/10.95 : \U/msb/m/n/10.
95 R[] \OMS/cmsy/m/n/10.95 ! \U/msb/m/n/10.95 R[]$ \OT1/cmr/m/n/10.95 be con-ti
n-u-ous piecewise-linear with poly-he-dral pieces $\OMS/cmsy/m/n/10.95 f\OML/cm
m/m/it/10.95 P[]; [] ; P[]\OMS/cmsy/m/n/10.95 g$\OT1/cmr/m/n/10.95 . 
 []



[39]

LaTeX Warning: Citation `AroraBMR2018' on page 40 undefined on input line 2009.



LaTeX Warning: Reference `thm:stability' on page 40 undefined on input line 204
5.


LaTeX Warning: Reference `thm:representation' on page 40 undefined on input lin
e 2059.



[40]
Overfull \hbox (11.51839pt too wide) in paragraph at lines 2071--2072
[]\OT1/cmr/m/it/10.95 For $\OML/cmm/m/it/10.95 x \OT1/cmr/m/n/10.95 = 3\OML/cmm
/m/it/10.95 :\OT1/cmr/m/n/10.95 14159$\OT1/cmr/m/it/10.95 , the re-al-izer com-
putes $[]\OT1/cmr/m/n/10.95 ([]([](3\OML/cmm/m/it/10.95 :\OT1/cmr/m/n/10.95 141
59)) + []([](\OMS/cmsy/m/n/10.95 ^^@\OT1/cmr/m/n/10.95 3\OML/cmm/m/it/10.95 :\O
T1/cmr/m/n/10.95 14159))) = 3\OML/cmm/m/it/10.95 :\OT1/cmr/m/n/10.95 14159 []$
 []


LaTeX Warning: Reference `thm:stability' on page 41 undefined on input line 207
3.


LaTeX Warning: Citation `Higham' on page 41 undefined on input line 2073.



[41]

LaTeX Warning: Reference `thm:obstruction' on page 42 undefined on input line 2
143.


LaTeX Warning: Reference `thm:precision-selection' on page 42 undefined on inpu
t line 2146.


LaTeX Warning: Citation `Higham' on page 42 undefined on input line 2149.


LaTeX Warning: Reference `prop:condition-composition' on page 42 undefined on i
nput line 2150.



[42]
Package hyperref Info: bookmark level for unknown algorithm defaults to 0 on in
put line 2172.


LaTeX Warning: Reference `thm:stability' on page 43 undefined on input line 221
4.



[43]

LaTeX Warning: Reference `alg:principled-compilation' on page 44 undefined on i
nput line 2226.



[44]

LaTeX Warning: Reference `def:numerical-morphism' on page 45 undefined on input
 line 2247.


LaTeX Warning: Reference `def:numerical-equiv' on page 45 undefined on input li
ne 2269.



[45]

LaTeX Warning: Reference `thm:stability' on page 46 undefined on input line 229
4.


LaTeX Warning: Reference `thm:stability' on page 46 undefined on input line 229
9.


LaTeX Warning: Reference `alg:principled-compilation' on page 46 undefined on i
nput line 2303.


LaTeX Warning: Citation `Higham' on page 46 undefined on input line 2319.


Overfull \hbox (9.75749pt too wide) in paragraph at lines 2319--2320
[]\OT1/cmr/bx/n/10.95 Algebraic iden-ti-ties: \OT1/cmr/m/n/10.95 As-so-cia-tiv-
ity and com-mu-ta-tiv-ity of floating-point ad-di-tion/multiplication
 []



[46]

LaTeX Warning: Reference `ex:curvature-inverse' on page 47 undefined on input l
ine 2355.


LaTeX Warning: Reference `thm:precision-selection' on page 47 undefined on inpu
t line 2359.


LaTeX Warning: Reference `thm:stability' on page 47 undefined on input line 236
5.



[47]

LaTeX Warning: Citation `OTMC' on page 48 undefined on input line 2432.



[48]

LaTeX Warning: Reference `thm:obstruction' on page 49 undefined on input line 2
460.



[49]

LaTeX Warning: Reference `thm:obstruction' on page 50 undefined on input line 2
503.


LaTeX Warning: Reference `thm:stability' on page 50 undefined on input line 250
9.


LaTeX Warning: Reference `thm:representation' on page 50 undefined on input lin
e 2515.


LaTeX Warning: Reference `alg:principled-compilation' on page 50 undefined on i
nput line 2517.


LaTeX Warning: Reference `thm:compilation-correctness' on page 50 undefined on 
input line 2517.


LaTeX Warning: Reference `rem:sheaf-status' on page 50 undefined on input line 
2519.


LaTeX Warning: Citation `Higham' on page 50 undefined on input line 2526.



[50]

LaTeX Warning: Reference `sec:precision-sheaf' on page 51 undefined on input li
ne 2546.


LaTeX Warning: Reference `rem:hardware-assumptions' on page 51 undefined on inp
ut line 2547.



[51]

LaTeX Warning: Reference `sec:universal-property' on page 52 undefined on input
 line 2690.



[52]

LaTeX Warning: Reference `prop:triangle' on page 53 undefined on input line 271
1.



[53]

LaTeX Warning: Citation `Villani' on page 54 undefined on input line 2761.



[54] (./hnf_paper.aux)
 ***********
LaTeX2e <2024-11-01> patch level 2
L3 programming layer <2025-01-18>
 ***********


LaTeX Warning: There were undefined references.


LaTeX Warning: Label(s) may have changed. Rerun to get cross-references right.


Package rerunfilecheck Warning: File `hnf_paper.out' has changed.
(rerunfilecheck)                Rerun to get outlines right
(rerunfilecheck)                or use package `bookmark'.

Package rerunfilecheck Info: Checksums for `hnf_paper.out':
(rerunfilecheck)             Before: <no file>
(rerunfilecheck)             After:  E22C42B907965281BEFDB789D81A2559;14250.
 ) 
Here is how much of TeX's memory you used:
 22911 strings out of 474662
 432901 string characters out of 5751110
 797708 words of memory out of 5000000
 45130 multiletter control sequences out of 15000+600000
 574513 words of font info for 97 fonts, out of 8000000 for 9000
 319 hyphenation exceptions out of 8191
 116i,15n,121p,801b,1121s stack positions out of 10000i,1000n,20000p,200000b,200000s
 </Users/halleyyoung/Library/texlive/2025basic/texmf-var/fonts/pk/ljfour/jkna
ppen/ec/tcti1095.600pk> </Users/halleyyoung/Library/texlive/2025basic/texmf-var
/fonts/pk/ljfour/jknappen/ec/tcrm1095.600pk></usr/local/texlive/2025basic/texmf
-dist/fonts/type1/public/amsfonts/cm/cmbx10.pfb></usr/local/texlive/2025basic/t
exmf-dist/fonts/type1/public/amsfonts/cm/cmbx12.pfb></usr/local/texlive/2025bas
ic/texmf-dist/fonts/type1/public/amsfonts/cm/cmbx6.pfb></usr/local/texlive/2025
basic/texmf-dist/fonts/type1/public/amsfonts/cm/cmbx8.pfb></usr/local/texlive/2
025basic/texmf-dist/fonts/type1/public/amsfonts/cm/cmbxti10.pfb></usr/local/tex
live/2025basic/texmf-dist/fonts/type1/public/amsfonts/cm/cmex10.pfb></usr/local
/texlive/2025basic/texmf-dist/fonts/type1/public/amsfonts/cm/cmmi10.pfb></usr/l
ocal/texlive/2025basic/texmf-dist/fonts/type1/public/amsfonts/cm/cmmi6.pfb></us
r/local/texlive/2025basic/texmf-dist/fonts/type1/public/amsfonts/cm/cmmi7.pfb><
/usr/local/texlive/2025basic/texmf-dist/fonts/type1/public/amsfonts/cm/cmmi8.pf
b></usr/local/texlive/2025basic/texmf-dist/fonts/type1/public/amsfonts/cm/cmr10
.pfb></usr/local/texlive/2025basic/texmf-dist/fonts/type1/public/amsfonts/cm/cm
r12.pfb></usr/local/texlive/2025basic/texmf-dist/fonts/type1/public/amsfonts/cm
/cmr17.pfb></usr/local/texlive/2025basic/texmf-dist/fonts/type1/public/amsfonts
/cm/cmr6.pfb></usr/local/texlive/2025basic/texmf-dist/fonts/type1/public/amsfon
ts/cm/cmr7.pfb></usr/local/texlive/2025basic/texmf-dist/fonts/type1/public/amsf
onts/cm/cmr8.pfb></usr/local/texlive/2025basic/texmf-dist/fonts/type1/public/am
sfonts/cm/cmr9.pfb></usr/local/texlive/2025basic/texmf-dist/fonts/type1/public/
amsfonts/cm/cmss10.pfb></usr/local/texlive/2025basic/texmf-dist/fonts/type1/pub
lic/amsfonts/cm/cmsy10.pfb></usr/local/texlive/2025basic/texmf-dist/fonts/type1
/public/amsfonts/cm/cmsy6.pfb></usr/local/texlive/2025basic/texmf-dist/fonts/ty
pe1/public/amsfonts/cm/cmsy7.pfb></usr/local/texlive/2025basic/texmf-dist/fonts
/type1/public/amsfonts/cm/cmsy8.pfb></usr/local/texlive/2025basic/texmf-dist/fo
nts/type1/public/amsfonts/cm/cmti10.pfb></usr/local/texlive/2025basic/texmf-dis
t/fonts/type1/public/amsfonts/cm/cmtt10.pfb></usr/local/texlive/2025basic/texmf
-dist/fonts/type1/public/amsfonts/cm/cmtt8.pfb></usr/local/texlive/2025basic/te
xmf-dist/fonts/type1/public/amsfonts/symbols/msam10.pfb></usr/local/texlive/202
5basic/texmf-dist/fonts/type1/public/amsfonts/symbols/msbm10.pfb>
Output written on hnf_paper.pdf (54 pages, 566552 bytes).
PDF statistics:
 870 PDF objects out of 1000 (max. 8388607)
 750 compressed objects within 8 object streams
 444 named destinations out of 1000 (max. 500000)
 13 words of extra memory for PDF output out of 10000 (max. 10000000)

